{"C:\\Users\\Jason\\Documents\\Projects\\goodstart-auth\\src\\modules\\app\\app.module.ts": {"path":"C:\\Users\\Jason\\Documents\\Projects\\goodstart-auth\\src\\modules\\app\\app.module.ts","statementMap":{"0":{"start":{"line":1,"column":0},"end":{"line":1,"column":40}},"1":{"start":{"line":2,"column":0},"end":{"line":2,"column":53}},"2":{"start":{"line":3,"column":0},"end":{"line":3,"column":57}},"3":{"start":{"line":4,"column":0},"end":{"line":4,"column":55}},"4":{"start":{"line":5,"column":0},"end":{"line":5,"column":49}},"5":{"start":{"line":9,"column":25},"end":{"line":30,"column":2}},"6":{"start":{"line":12,"column":4},"end":{"line":27,"column":null}},"7":{"start":{"line":13,"column":6},"end":{"line":15,"column":8}},"8":{"start":{"line":17,"column":6},"end":{"line":26,"column":8}},"9":{"start":{"line":41,"column":0},"end":{"line":41,"column":null}},"10":{"start":{"line":41,"column":13},"end":{"line":41,"column":null}},"11":{"start":{"line":41,"column":13},"end":{"line":41,"column":22}}},"fnMap":{"0":{"name":"(anonymous_1)","decl":{"start":{"line":11,"column":14},"end":{"line":11,"column":15}},"loc":{"start":{"line":11,"column":47},"end":{"line":28,"column":3}}}},"branchMap":{"0":{"loc":{"start":{"line":12,"column":4},"end":{"line":27,"column":null}},"type":"if","locations":[{"start":{"line":12,"column":4},"end":{"line":27,"column":null}},{"start":{"line":12,"column":4},"end":{"line":27,"column":null}}]}},"s":{"0":1,"1":1,"2":1,"3":1,"4":1,"5":1,"6":0,"7":0,"8":0,"9":1,"10":1,"11":1},"f":{"0":0},"b":{"0":[0,0]}}
,"C:\\Users\\Jason\\Documents\\Projects\\goodstart-auth\\src\\modules\\auth\\auth.controller.ts": {"path":"C:\\Users\\Jason\\Documents\\Projects\\goodstart-auth\\src\\modules\\auth\\auth.controller.ts","statementMap":{"0":{"start":{"line":1,"column":0},"end":{"line":1,"column":null}},"1":{"start":{"line":8,"column":0},"end":{"line":8,"column":45}},"2":{"start":{"line":9,"column":0},"end":{"line":9,"column":43}},"3":{"start":{"line":10,"column":0},"end":{"line":10,"column":47}},"4":{"start":{"line":11,"column":0},"end":{"line":11,"column":49}},"5":{"start":{"line":20,"column":0},"end":{"line":38,"column":null}},"6":{"start":{"line":21,"column":31},"end":{"line":21,"column":44}},"7":{"start":{"line":25,"column":4},"end":{"line":25,"column":44}},"8":{"start":{"line":30,"column":4},"end":{"line":30,"column":48}},"9":{"start":{"line":35,"column":4},"end":{"line":35,"column":50}},"10":{"start":{"line":24,"column":2},"end":{"line":26,"column":null}},"11":{"start":{"line":29,"column":2},"end":{"line":31,"column":null}},"12":{"start":{"line":34,"column":2},"end":{"line":36,"column":null}},"13":{"start":{"line":20,"column":13},"end":{"line":38,"column":null}},"14":{"start":{"line":20,"column":13},"end":{"line":20,"column":27}}},"fnMap":{"0":{"name":"(anonymous_4)","decl":{"start":{"line":21,"column":2},"end":{"line":21,"column":31}},"loc":{"start":{"line":21,"column":55},"end":{"line":21,"column":59}}},"1":{"name":"(anonymous_5)","decl":{"start":{"line":24,"column":2},"end":{"line":24,"column":7}},"loc":{"start":{"line":24,"column":40},"end":{"line":26,"column":3}}},"2":{"name":"(anonymous_6)","decl":{"start":{"line":29,"column":2},"end":{"line":29,"column":7}},"loc":{"start":{"line":29,"column":46},"end":{"line":31,"column":3}}},"3":{"name":"(anonymous_7)","decl":{"start":{"line":34,"column":2},"end":{"line":34,"column":7}},"loc":{"start":{"line":34,"column":49},"end":{"line":36,"column":3}}}},"branchMap":{},"s":{"0":1,"1":1,"2":1,"3":1,"4":1,"5":1,"6":0,"7":0,"8":0,"9":0,"10":1,"11":1,"12":1,"13":1,"14":1},"f":{"0":0,"1":0,"2":0,"3":0},"b":{}}
,"C:\\Users\\Jason\\Documents\\Projects\\goodstart-auth\\src\\modules\\auth\\auth.module.ts": {"path":"C:\\Users\\Jason\\Documents\\Projects\\goodstart-auth\\src\\modules\\auth\\auth.module.ts","statementMap":{"0":{"start":{"line":1,"column":0},"end":{"line":1,"column":50}},"1":{"start":{"line":2,"column":0},"end":{"line":2,"column":51}},"2":{"start":{"line":3,"column":0},"end":{"line":3,"column":45}},"3":{"start":{"line":4,"column":0},"end":{"line":4,"column":52}},"4":{"start":{"line":5,"column":0},"end":{"line":5,"column":81}},"5":{"start":{"line":6,"column":0},"end":{"line":6,"column":57}},"6":{"start":{"line":7,"column":0},"end":{"line":7,"column":55}},"7":{"start":{"line":9,"column":60},"end":{"line":18,"column":2}},"8":{"start":{"line":12,"column":4},"end":{"line":15,"column":6}},"9":{"start":{"line":19,"column":61},"end":{"line":28,"column":2}},"10":{"start":{"line":22,"column":4},"end":{"line":25,"column":6}},"11":{"start":{"line":35,"column":0},"end":{"line":35,"column":null}},"12":{"start":{"line":35,"column":13},"end":{"line":35,"column":null}},"13":{"start":{"line":35,"column":13},"end":{"line":35,"column":23}}},"fnMap":{"0":{"name":"(anonymous_1)","decl":{"start":{"line":11,"column":14},"end":{"line":11,"column":15}},"loc":{"start":{"line":11,"column":65},"end":{"line":16,"column":3}}},"1":{"name":"(anonymous_2)","decl":{"start":{"line":21,"column":14},"end":{"line":21,"column":15}},"loc":{"start":{"line":21,"column":65},"end":{"line":26,"column":3}}}},"branchMap":{},"s":{"0":1,"1":1,"2":1,"3":1,"4":1,"5":1,"6":1,"7":1,"8":0,"9":1,"10":0,"11":1,"12":1,"13":1},"f":{"0":0,"1":0},"b":{}}
,"C:\\Users\\Jason\\Documents\\Projects\\goodstart-auth\\src\\modules\\auth\\auth.service.ts": {"path":"C:\\Users\\Jason\\Documents\\Projects\\goodstart-auth\\src\\modules\\auth\\auth.service.ts","statementMap":{"0":{"start":{"line":1,"column":0},"end":{"line":1,"column":null}},"1":{"start":{"line":7,"column":0},"end":{"line":7,"column":54}},"2":{"start":{"line":8,"column":0},"end":{"line":8,"column":41}},"3":{"start":{"line":19,"column":0},"end":{"line":107,"column":null}},"4":{"start":{"line":21,"column":21},"end":{"line":21,"column":35}},"5":{"start":{"line":22,"column":21},"end":{"line":22,"column":44}},"6":{"start":{"line":23,"column":21},"end":{"line":23,"column":45}},"7":{"start":{"line":27,"column":39},"end":{"line":28,"column":null}},"8":{"start":{"line":30,"column":35},"end":{"line":31,"column":null}},"9":{"start":{"line":33,"column":4},"end":{"line":35,"column":6}},"10":{"start":{"line":39,"column":28},"end":{"line":41,"column":null}},"11":{"start":{"line":43,"column":4},"end":{"line":47,"column":6}},"12":{"start":{"line":51,"column":28},"end":{"line":51,"column":76}},"13":{"start":{"line":52,"column":4},"end":{"line":56,"column":6}},"14":{"start":{"line":60,"column":28},"end":{"line":60,"column":70}},"15":{"start":{"line":61,"column":4},"end":{"line":68,"column":null}},"16":{"start":{"line":62,"column":6},"end":{"line":62,"column":18}},"17":{"start":{"line":64,"column":6},"end":{"line":67,"column":8}},"18":{"start":{"line":72,"column":40},"end":{"line":81,"column":6}},"19":{"start":{"line":82,"column":26},"end":{"line":82,"column":66}},"20":{"start":{"line":83,"column":4},"end":{"line":83,"column":17}},"21":{"start":{"line":87,"column":41},"end":{"line":89,"column":6}},"22":{"start":{"line":90,"column":26},"end":{"line":90,"column":67}},"23":{"start":{"line":91,"column":4},"end":{"line":91,"column":17}},"24":{"start":{"line":97,"column":39},"end":{"line":101,"column":6}},"25":{"start":{"line":102,"column":4},"end":{"line":104,"column":null}},"26":{"start":{"line":103,"column":6},"end":{"line":103,"column":80}},"27":{"start":{"line":105,"column":4},"end":{"line":105,"column":24}},"28":{"start":{"line":19,"column":13},"end":{"line":107,"column":null}},"29":{"start":{"line":19,"column":13},"end":{"line":19,"column":24}}},"fnMap":{"0":{"name":"(anonymous_2)","decl":{"start":{"line":20,"column":2},"end":{"line":20,"column":null}},"loc":{"start":{"line":23,"column":55},"end":{"line":24,"column":6}}},"1":{"name":"(anonymous_3)","decl":{"start":{"line":26,"column":2},"end":{"line":26,"column":7}},"loc":{"start":{"line":26,"column":38},"end":{"line":36,"column":3}}},"2":{"name":"(anonymous_4)","decl":{"start":{"line":38,"column":2},"end":{"line":38,"column":7}},"loc":{"start":{"line":38,"column":32},"end":{"line":48,"column":3}}},"3":{"name":"(anonymous_5)","decl":{"start":{"line":50,"column":2},"end":{"line":50,"column":7}},"loc":{"start":{"line":50,"column":40},"end":{"line":57,"column":3}}},"4":{"name":"(anonymous_6)","decl":{"start":{"line":59,"column":2},"end":{"line":59,"column":7}},"loc":{"start":{"line":59,"column":48},"end":{"line":69,"column":3}}},"5":{"name":"(anonymous_7)","decl":{"start":{"line":71,"column":2},"end":{"line":71,"column":24}},"loc":{"start":{"line":71,"column":40},"end":{"line":84,"column":3}}},"6":{"name":"(anonymous_8)","decl":{"start":{"line":86,"column":2},"end":{"line":86,"column":25}},"loc":{"start":{"line":86,"column":41},"end":{"line":92,"column":3}}},"7":{"name":"(anonymous_9)","decl":{"start":{"line":94,"column":2},"end":{"line":94,"column":7}},"loc":{"start":{"line":95,"column":31},"end":{"line":106,"column":3}}}},"branchMap":{"0":{"loc":{"start":{"line":61,"column":4},"end":{"line":68,"column":null}},"type":"if","locations":[{"start":{"line":61,"column":4},"end":{"line":68,"column":null}},{"start":{"line":61,"column":4},"end":{"line":68,"column":null}}]},"1":{"loc":{"start":{"line":61,"column":8},"end":{"line":61,"column":12}},"type":"binary-expr","locations":[{"start":{"line":61,"column":8},"end":{"line":61,"column":12}},{"start":{"line":61,"column":16},"end":{"line":61,"column":38}}]},"2":{"loc":{"start":{"line":102,"column":4},"end":{"line":104,"column":null}},"type":"if","locations":[{"start":{"line":102,"column":4},"end":{"line":104,"column":null}},{"start":{"line":102,"column":4},"end":{"line":104,"column":null}}]}},"s":{"0":1,"1":1,"2":1,"3":1,"4":0,"5":0,"6":0,"7":0,"8":0,"9":0,"10":0,"11":0,"12":0,"13":0,"14":0,"15":0,"16":0,"17":0,"18":0,"19":0,"20":0,"21":0,"22":0,"23":0,"24":0,"25":0,"26":0,"27":0,"28":1,"29":1},"f":{"0":0,"1":0,"2":0,"3":0,"4":0,"5":0,"6":0,"7":0},"b":{"0":[0,0],"1":[0,0],"2":[0,0]}}
,"C:\\Users\\Jason\\Documents\\Projects\\goodstart-auth\\src\\modules\\auth\\dto\\login.dto.ts": {"path":"C:\\Users\\Jason\\Documents\\Projects\\goodstart-auth\\src\\modules\\auth\\dto\\login.dto.ts","statementMap":{"0":{"start":{"line":1,"column":0},"end":{"line":1,"column":72}},"1":{"start":{"line":5,"column":2},"end":{"line":5,"column":null}},"2":{"start":{"line":8,"column":2},"end":{"line":8,"column":null}},"3":{"start":{"line":2,"column":0},"end":{"line":2,"column":13}}},"fnMap":{},"branchMap":{},"s":{"0":1,"1":1,"2":1,"3":1},"f":{},"b":{}}
,"C:\\Users\\Jason\\Documents\\Projects\\goodstart-auth\\src\\modules\\auth\\dto\\refresh.dto.ts": {"path":"C:\\Users\\Jason\\Documents\\Projects\\goodstart-auth\\src\\modules\\auth\\dto\\refresh.dto.ts","statementMap":{"0":{"start":{"line":1,"column":0},"end":{"line":1,"column":45}},"1":{"start":{"line":5,"column":2},"end":{"line":5,"column":null}},"2":{"start":{"line":3,"column":0},"end":{"line":3,"column":13}}},"fnMap":{},"branchMap":{},"s":{"0":1,"1":1,"2":1},"f":{},"b":{}}
,"C:\\Users\\Jason\\Documents\\Projects\\goodstart-auth\\src\\modules\\auth\\dto\\register.dto.ts": {"path":"C:\\Users\\Jason\\Documents\\Projects\\goodstart-auth\\src\\modules\\auth\\dto\\register.dto.ts","statementMap":{"0":{"start":{"line":1,"column":0},"end":{"line":1,"column":62}},"1":{"start":{"line":6,"column":2},"end":{"line":6,"column":null}},"2":{"start":{"line":10,"column":2},"end":{"line":10,"column":null}},"3":{"start":{"line":13,"column":2},"end":{"line":13,"column":null}},"4":{"start":{"line":3,"column":0},"end":{"line":3,"column":13}}},"fnMap":{},"branchMap":{},"s":{"0":1,"1":1,"2":1,"3":1,"4":1},"f":{},"b":{}}
,"C:\\Users\\Jason\\Documents\\Projects\\goodstart-auth\\src\\modules\\config\\config.module.ts": {"path":"C:\\Users\\Jason\\Documents\\Projects\\goodstart-auth\\src\\modules\\config\\config.module.ts","statementMap":{"0":{"start":{"line":1,"column":0},"end":{"line":1,"column":48}},"1":{"start":{"line":2,"column":0},"end":{"line":2,"column":49}},"2":{"start":{"line":14,"column":0},"end":{"line":14,"column":null}},"3":{"start":{"line":14,"column":13},"end":{"line":14,"column":null}},"4":{"start":{"line":14,"column":13},"end":{"line":14,"column":25}}},"fnMap":{},"branchMap":{},"s":{"0":1,"1":1,"2":1,"3":1,"4":1},"f":{},"b":{}}
,"C:\\Users\\Jason\\Documents\\Projects\\goodstart-auth\\src\\modules\\config\\config.service.ts": {"path":"C:\\Users\\Jason\\Documents\\Projects\\goodstart-auth\\src\\modules\\config\\config.service.ts","statementMap":{"0":{"start":{"line":1,"column":0},"end":{"line":1,"column":52}},"1":{"start":{"line":2,"column":0},"end":{"line":2,"column":33}},"2":{"start":{"line":3,"column":0},"end":{"line":3,"column":25}},"3":{"start":{"line":6,"column":0},"end":{"line":53,"column":null}},"4":{"start":{"line":10,"column":4},"end":{"line":10,"column":61}},"5":{"start":{"line":14,"column":4},"end":{"line":14,"column":31}},"6":{"start":{"line":18,"column":4},"end":{"line":18,"column":54}},"7":{"start":{"line":21,"column":4},"end":{"line":21,"column":58}},"8":{"start":{"line":24,"column":4},"end":{"line":24,"column":55}},"9":{"start":{"line":27,"column":4},"end":{"line":27,"column":59}},"10":{"start":{"line":30,"column":4},"end":{"line":30,"column":39}},"11":{"start":{"line":33,"column":4},"end":{"line":33,"column":57}},"12":{"start":{"line":36,"column":4},"end":{"line":36,"column":52}},"13":{"start":{"line":39,"column":4},"end":{"line":39,"column":46}},"14":{"start":{"line":42,"column":4},"end":{"line":42,"column":42}},"15":{"start":{"line":45,"column":4},"end":{"line":45,"column":46}},"16":{"start":{"line":48,"column":4},"end":{"line":48,"column":42}},"17":{"start":{"line":51,"column":4},"end":{"line":51,"column":42}},"18":{"start":{"line":6,"column":13},"end":{"line":53,"column":null}},"19":{"start":{"line":6,"column":13},"end":{"line":6,"column":26}}},"fnMap":{"0":{"name":"(anonymous_2)","decl":{"start":{"line":9,"column":2},"end":{"line":9,"column":14}},"loc":{"start":{"line":9,"column":30},"end":{"line":11,"column":3}}},"1":{"name":"(anonymous_3)","decl":{"start":{"line":13,"column":2},"end":{"line":13,"column":5}},"loc":{"start":{"line":13,"column":17},"end":{"line":15,"column":3}}},"2":{"name":"(anonymous_4)","decl":{"start":{"line":17,"column":2},"end":{"line":17,"column":6}},"loc":{"start":{"line":17,"column":23},"end":{"line":19,"column":3}}},"3":{"name":"(anonymous_5)","decl":{"start":{"line":20,"column":2},"end":{"line":20,"column":6}},"loc":{"start":{"line":20,"column":26},"end":{"line":22,"column":3}}},"4":{"name":"(anonymous_6)","decl":{"start":{"line":23,"column":2},"end":{"line":23,"column":6}},"loc":{"start":{"line":23,"column":24},"end":{"line":25,"column":3}}},"5":{"name":"(anonymous_7)","decl":{"start":{"line":26,"column":2},"end":{"line":26,"column":6}},"loc":{"start":{"line":26,"column":27},"end":{"line":28,"column":3}}},"6":{"name":"(anonymous_8)","decl":{"start":{"line":29,"column":2},"end":{"line":29,"column":6}},"loc":{"start":{"line":29,"column":10},"end":{"line":31,"column":3}}},"7":{"name":"(anonymous_9)","decl":{"start":{"line":32,"column":2},"end":{"line":32,"column":6}},"loc":{"start":{"line":32,"column":24},"end":{"line":34,"column":3}}},"8":{"name":"(anonymous_10)","decl":{"start":{"line":35,"column":2},"end":{"line":35,"column":6}},"loc":{"start":{"line":35,"column":21},"end":{"line":37,"column":3}}},"9":{"name":"(anonymous_11)","decl":{"start":{"line":38,"column":2},"end":{"line":38,"column":6}},"loc":{"start":{"line":38,"column":16},"end":{"line":40,"column":3}}},"10":{"name":"(anonymous_12)","decl":{"start":{"line":41,"column":2},"end":{"line":41,"column":6}},"loc":{"start":{"line":41,"column":12},"end":{"line":43,"column":3}}},"11":{"name":"(anonymous_13)","decl":{"start":{"line":44,"column":2},"end":{"line":44,"column":6}},"loc":{"start":{"line":44,"column":16},"end":{"line":46,"column":3}}},"12":{"name":"(anonymous_14)","decl":{"start":{"line":47,"column":2},"end":{"line":47,"column":6}},"loc":{"start":{"line":47,"column":12},"end":{"line":49,"column":3}}},"13":{"name":"(anonymous_15)","decl":{"start":{"line":50,"column":2},"end":{"line":50,"column":6}},"loc":{"start":{"line":50,"column":12},"end":{"line":52,"column":3}}}},"branchMap":{},"s":{"0":1,"1":1,"2":1,"3":1,"4":1,"5":0,"6":0,"7":0,"8":0,"9":0,"10":0,"11":0,"12":0,"13":0,"14":0,"15":0,"16":0,"17":0,"18":1,"19":1},"f":{"0":1,"1":0,"2":0,"3":0,"4":0,"5":0,"6":0,"7":0,"8":0,"9":0,"10":0,"11":0,"12":0,"13":0},"b":{}}
,"C:\\Users\\Jason\\Documents\\Projects\\goodstart-auth\\src\\modules\\users\\user.model.ts": {"path":"C:\\Users\\Jason\\Documents\\Projects\\goodstart-auth\\src\\modules\\users\\user.model.ts","statementMap":{"0":{"start":{"line":10,"column":4},"end":{"line":10,"column":22}},"1":{"start":{"line":11,"column":4},"end":{"line":11,"column":34}},"2":{"start":{"line":12,"column":4},"end":{"line":12,"column":28}},"3":{"start":{"line":13,"column":4},"end":{"line":13,"column":34}},"4":{"start":{"line":14,"column":4},"end":{"line":14,"column":26}},"5":{"start":{"line":3,"column":0},"end":{"line":3,"column":13}}},"fnMap":{"0":{"name":"(anonymous_0)","decl":{"start":{"line":9,"column":2},"end":{"line":9,"column":14}},"loc":{"start":{"line":9,"column":29},"end":{"line":15,"column":3}}}},"branchMap":{},"s":{"0":0,"1":0,"2":0,"3":0,"4":0,"5":1},"f":{"0":0},"b":{}}
,"C:\\Users\\Jason\\Documents\\Projects\\goodstart-auth\\src\\modules\\users\\users.dao.ts": {"path":"C:\\Users\\Jason\\Documents\\Projects\\goodstart-auth\\src\\modules\\users\\users.dao.ts","statementMap":{"0":{"start":{"line":1,"column":0},"end":{"line":1,"column":null}},"1":{"start":{"line":8,"column":0},"end":{"line":8,"column":59}},"2":{"start":{"line":9,"column":0},"end":{"line":9,"column":41}},"3":{"start":{"line":10,"column":0},"end":{"line":10,"column":51}},"4":{"start":{"line":14,"column":0},"end":{"line":85,"column":null}},"5":{"start":{"line":17,"column":21},"end":{"line":17,"column":28}},"6":{"start":{"line":21,"column":4},"end":{"line":34,"column":null}},"7":{"start":{"line":22,"column":24},"end":{"line":23,"column":null}},"8":{"start":{"line":25,"column":6},"end":{"line":31,"column":9}},"9":{"start":{"line":33,"column":6},"end":{"line":33,"column":36}},"10":{"start":{"line":38,"column":4},"end":{"line":51,"column":null}},"11":{"start":{"line":39,"column":24},"end":{"line":40,"column":null}},"12":{"start":{"line":42,"column":6},"end":{"line":48,"column":9}},"13":{"start":{"line":50,"column":6},"end":{"line":50,"column":73}},"14":{"start":{"line":55,"column":4},"end":{"line":83,"column":null}},"15":{"start":{"line":56,"column":24},"end":{"line":62,"column":8}},"16":{"start":{"line":63,"column":6},"end":{"line":69,"column":9}},"17":{"start":{"line":71,"column":6},"end":{"line":81,"column":null}},"18":{"start":{"line":72,"column":8},"end":{"line":75,"column":10}},"19":{"start":{"line":76,"column":13},"end":{"line":81,"column":null}},"20":{"start":{"line":77,"column":8},"end":{"line":80,"column":10}},"21":{"start":{"line":82,"column":6},"end":{"line":82,"column":14}},"22":{"start":{"line":14,"column":13},"end":{"line":85,"column":null}},"23":{"start":{"line":14,"column":13},"end":{"line":14,"column":21}}},"fnMap":{"0":{"name":"(anonymous_4)","decl":{"start":{"line":15,"column":2},"end":{"line":15,"column":null}},"loc":{"start":{"line":17,"column":28},"end":{"line":18,"column":6}}},"1":{"name":"(anonymous_5)","decl":{"start":{"line":20,"column":2},"end":{"line":20,"column":7}},"loc":{"start":{"line":20,"column":27},"end":{"line":35,"column":3}}},"2":{"name":"(anonymous_6)","decl":{"start":{"line":37,"column":2},"end":{"line":37,"column":7}},"loc":{"start":{"line":37,"column":33},"end":{"line":52,"column":3}}},"3":{"name":"(anonymous_7)","decl":{"start":{"line":54,"column":2},"end":{"line":54,"column":7}},"loc":{"start":{"line":54,"column":41},"end":{"line":84,"column":3}}}},"branchMap":{"0":{"loc":{"start":{"line":71,"column":6},"end":{"line":81,"column":null}},"type":"if","locations":[{"start":{"line":71,"column":6},"end":{"line":81,"column":null}},{"start":{"line":71,"column":6},"end":{"line":81,"column":null}}]},"1":{"loc":{"start":{"line":76,"column":13},"end":{"line":81,"column":null}},"type":"if","locations":[{"start":{"line":76,"column":13},"end":{"line":81,"column":null}},{"start":{"line":76,"column":13},"end":{"line":81,"column":null}}]}},"s":{"0":1,"1":1,"2":1,"3":1,"4":1,"5":0,"6":0,"7":0,"8":0,"9":0,"10":0,"11":0,"12":0,"13":0,"14":0,"15":0,"16":0,"17":0,"18":0,"19":0,"20":0,"21":0,"22":1,"23":1},"f":{"0":0,"1":0,"2":0,"3":0},"b":{"0":[0,0],"1":[0,0]}}
,"C:\\Users\\Jason\\Documents\\Projects\\goodstart-auth\\src\\modules\\users\\users.module.ts": {"path":"C:\\Users\\Jason\\Documents\\Projects\\goodstart-auth\\src\\modules\\users\\users.module.ts","statementMap":{"0":{"start":{"line":1,"column":0},"end":{"line":1,"column":40}},"1":{"start":{"line":2,"column":0},"end":{"line":2,"column":47}},"2":{"start":{"line":3,"column":0},"end":{"line":3,"column":39}},"3":{"start":{"line":9,"column":0},"end":{"line":9,"column":null}},"4":{"start":{"line":9,"column":13},"end":{"line":9,"column":null}},"5":{"start":{"line":9,"column":13},"end":{"line":9,"column":24}}},"fnMap":{},"branchMap":{},"s":{"0":1,"1":1,"2":1,"3":1,"4":1,"5":1},"f":{},"b":{}}
,"C:\\Users\\Jason\\Documents\\Projects\\goodstart-auth\\src\\modules\\users\\users.service.ts": {"path":"C:\\Users\\Jason\\Documents\\Projects\\goodstart-auth\\src\\modules\\users\\users.service.ts","statementMap":{"0":{"start":{"line":1,"column":0},"end":{"line":1,"column":null}},"1":{"start":{"line":13,"column":0},"end":{"line":13,"column":39}},"2":{"start":{"line":17,"column":0},"end":{"line":31,"column":null}},"3":{"start":{"line":18,"column":31},"end":{"line":18,"column":41}},"4":{"start":{"line":21,"column":4},"end":{"line":21,"column":38}},"5":{"start":{"line":25,"column":4},"end":{"line":25,"column":44}},"6":{"start":{"line":29,"column":4},"end":{"line":29,"column":47}},"7":{"start":{"line":17,"column":13},"end":{"line":31,"column":null}},"8":{"start":{"line":17,"column":13},"end":{"line":17,"column":25}}},"fnMap":{"0":{"name":"(anonymous_2)","decl":{"start":{"line":18,"column":2},"end":{"line":18,"column":31}},"loc":{"start":{"line":18,"column":49},"end":{"line":18,"column":53}}},"1":{"name":"(anonymous_3)","decl":{"start":{"line":20,"column":2},"end":{"line":20,"column":7}},"loc":{"start":{"line":20,"column":27},"end":{"line":22,"column":3}}},"2":{"name":"(anonymous_4)","decl":{"start":{"line":24,"column":2},"end":{"line":24,"column":7}},"loc":{"start":{"line":24,"column":33},"end":{"line":26,"column":3}}},"3":{"name":"(anonymous_5)","decl":{"start":{"line":28,"column":2},"end":{"line":28,"column":7}},"loc":{"start":{"line":28,"column":45},"end":{"line":30,"column":3}}}},"branchMap":{},"s":{"0":1,"1":1,"2":1,"3":0,"4":0,"5":0,"6":0,"7":1,"8":1},"f":{"0":0,"1":0,"2":0,"3":0},"b":{}}
,"C:\\Users\\Jason\\Documents\\Projects\\goodstart-auth\\src\\shared\\utils\\quoted.ts": {"path":"C:\\Users\\Jason\\Documents\\Projects\\goodstart-auth\\src\\shared\\utils\\quoted.ts","statementMap":{"0":{"start":{"line":2,"column":13},"end":{"line":4,"column":2}},"1":{"start":{"line":3,"column":2},"end":{"line":3,"column":28}}},"fnMap":{"0":{"name":"(anonymous_0)","decl":{"start":{"line":2,"column":22},"end":{"line":2,"column":23}},"loc":{"start":{"line":2,"column":39},"end":{"line":4,"column":1}}}},"branchMap":{},"s":{"0":1,"1":0},"f":{"0":0},"b":{}}
}
